<?xml version="1.0" encoding="UTF-8"?>
<!-- Generated by org.testng.reporters.JUnitReportReporter -->
<testsuite hostname="galaxy-PC" failures="0" tests="1" name="basic.Tc1" time="0.029" errors="0" timestamp="2023-01-16T17:33:27 IST" skipped="0">
  <testcase classname="basic.Tc1" name="demo" time="0.029"/>
  <system-out>
    <![CDATA[hello   tojava]]>
  </system-out>
</testsuite> <!-- basic.Tc1 -->
