<?xml version="1.0" encoding="UTF-8"?>
<!-- Generated by org.testng.reporters.JUnitReportReporter -->
<testsuite hostname="galaxy-PC" failures="0" tests="1" name="basic.Tc1" time="0.024" errors="0" timestamp="2023-01-16T17:27:16 IST" skipped="0">
  <testcase classname="basic.Tc1" name="demo" time="0.024"/>
  <system-out>
    <![CDATA[hello java]]>
  </system-out>
</testsuite> <!-- basic.Tc1 -->
